<?xml version="1.0" encoding="UTF-8"?>
<testng-results ignored="0" total="1" passed="1" failed="0" skipped="0">
  <reporter-output>
  </reporter-output>
  <suite started-at="2020-07-23T13:38:31 IST" name="Default suite" finished-at="2020-07-23T13:39:26 IST" duration-ms="54959">
    <groups>
    </groups>
    <test started-at="2020-07-23T13:38:31 IST" name="Default test" finished-at="2020-07-23T13:39:26 IST" duration-ms="54959">
      <class name="com.actitime.test.CreateCustomer">
        <test-method is-config="true" signature="openBrowser()[pri:0, instance:com.actitime.test.CreateCustomer@3b07a0d6]" started-at="2020-07-23T13:38:31 IST" name="openBrowser" finished-at="2020-07-23T13:38:38 IST" duration-ms="7104" status="PASS">
          <reporter-output>
          </reporter-output>
        </test-method> <!-- openBrowser -->
        <test-method is-config="true" signature="login()[pri:0, instance:com.actitime.test.CreateCustomer@3b07a0d6]" started-at="2020-07-23T13:38:38 IST" name="login" finished-at="2020-07-23T13:39:01 IST" duration-ms="22410" status="PASS">
          <reporter-output>
          </reporter-output>
        </test-method> <!-- login -->
        <test-method signature="testCreateCustomer()[pri:0, instance:com.actitime.test.CreateCustomer@3b07a0d6]" started-at="2020-07-23T13:39:01 IST" name="testCreateCustomer" finished-at="2020-07-23T13:39:22 IST" duration-ms="21838" status="PASS">
          <reporter-output>
          </reporter-output>
        </test-method> <!-- testCreateCustomer -->
        <test-method is-config="true" signature="logout()[pri:0, instance:com.actitime.test.CreateCustomer@3b07a0d6]" started-at="2020-07-23T13:39:22 IST" name="logout" finished-at="2020-07-23T13:39:26 IST" duration-ms="3212" status="PASS">
          <reporter-output>
          </reporter-output>
        </test-method> <!-- logout -->
        <test-method is-config="true" signature="closeBrowser()[pri:0, instance:com.actitime.test.CreateCustomer@3b07a0d6]" started-at="2020-07-23T13:39:26 IST" name="closeBrowser" finished-at="2020-07-23T13:39:26 IST" duration-ms="333" status="PASS">
          <reporter-output>
          </reporter-output>
        </test-method> <!-- closeBrowser -->
      </class> <!-- com.actitime.test.CreateCustomer -->
    </test> <!-- Default test -->
  </suite> <!-- Default suite -->
</testng-results>
